<?xml version="1.0" encoding="UTF-8"?>
<coverage generated="1723431266695" clover="3.2.0">
  <project timestamp="1723431266695" name="All files">
    <metrics statements="7" coveredstatements="7" conditionals="0" coveredconditionals="0" methods="3" coveredmethods="3" elements="10" coveredelements="10" complexity="0" loc="7" ncloc="7" packages="1" files="2" classes="2"/>
    <file name="client.ts" path="/Users/dejon/Development/damnsharppicks/sports-sdk-js/packages/ids/src/client.ts">
      <metrics statements="5" coveredstatements="5" conditionals="0" coveredconditionals="0" methods="2" coveredmethods="2"/>
      <line num="1" count="1" type="stmt"/>
      <line num="4" count="1" type="stmt"/>
      <line num="6" count="1" type="stmt"/>
      <line num="15" count="4" type="stmt"/>
      <line num="20" count="4" type="stmt"/>
    </file>
    <file name="index.ts" path="/Users/dejon/Development/damnsharppicks/sports-sdk-js/packages/ids/src/index.ts">
      <metrics statements="2" coveredstatements="2" conditionals="0" coveredconditionals="0" methods="1" coveredmethods="1"/>
      <line num="1" count="2" type="stmt"/>
      <line num="2" count="1" type="stmt"/>
    </file>
  </project>
</coverage>
