{"/Users/dejon/Development/damnsharppicks/sports-sdk-js/packages/ids/src/client.ts": {"path":"/Users/dejon/Development/damnsharppicks/sports-sdk-js/packages/ids/src/client.ts","statementMap":{"0":{"start":{"line":1,"column":0},"end":{"line":1,"column":49}},"1":{"start":{"line":6,"column":8},"end":{"line":6,"column":44}},"2":{"start":{"line":15,"column":25},"end":{"line":19,"column":10}},"3":{"start":{"line":20,"column":8},"end":{"line":20,"column":43}},"4":{"start":{"line":4,"column":0},"end":{"line":4,"column":13}}},"fnMap":{"0":{"name":"(anonymous_0)","decl":{"start":{"line":5,"column":4},"end":{"line":5,"column":null}},"loc":{"start":{"line":5,"column":4},"end":{"line":7,"column":5}}},"1":{"name":"(anonymous_1)","decl":{"start":{"line":14,"column":4},"end":{"line":14,"column":9}},"loc":{"start":{"line":14,"column":33},"end":{"line":21,"column":5}}}},"branchMap":{},"s":{"0":1,"1":1,"2":4,"3":4,"4":1},"f":{"0":1,"1":4},"b":{}}
,"/Users/dejon/Development/damnsharppicks/sports-sdk-js/packages/ids/src/index.ts": {"path":"/Users/dejon/Development/damnsharppicks/sports-sdk-js/packages/ids/src/index.ts","statementMap":{"0":{"start":{"line":1,"column":0},"end":{"line":1,"column":8}},"1":{"start":{"line":1,"column":8},"end":{"line":1,"column":44}},"2":{"start":{"line":2,"column":0},"end":{"line":2,"column":24}}},"fnMap":{"0":{"name":"(anonymous_4)","decl":{"start":{"line":1,"column":8},"end":{"line":1,"column":26}},"loc":{"start":{"line":1,"column":8},"end":{"line":1,"column":44}}}},"branchMap":{},"s":{"0":1,"1":2,"2":1},"f":{"0":1},"b":{}}
}
