<?xml version="1.0" encoding="UTF-8"?>
<coverage generated="1723345131223" clover="3.2.0">
  <project timestamp="1723345131223" name="All files">
    <metrics statements="48" coveredstatements="39" conditionals="16" coveredconditionals="10" methods="13" coveredmethods="11" elements="77" coveredelements="60" complexity="0" loc="48" ncloc="48" packages="2" files="3" classes="3"/>
    <package name="src">
      <metrics statements="40" coveredstatements="31" conditionals="16" coveredconditionals="10" methods="13" coveredmethods="11"/>
      <file name="client.ts" path="/Users/dejon/Development/damnsharppicks/sports-sdk-js/packages/are-you-watching-this/src/client.ts">
        <metrics statements="38" coveredstatements="29" conditionals="16" coveredconditionals="10" methods="13" coveredmethods="11"/>
        <line num="1" count="1" type="stmt"/>
        <line num="19" count="1" type="stmt"/>
        <line num="29" count="1" type="cond" truecount="2" falsecount="0"/>
        <line num="30" count="1" type="cond" truecount="2" falsecount="0"/>
        <line num="32" count="1" type="cond" truecount="0" falsecount="1"/>
        <line num="33" count="0" type="stmt"/>
        <line num="35" count="1" type="cond" truecount="1" falsecount="1"/>
        <line num="37" count="1" type="stmt"/>
        <line num="53" count="16" type="stmt"/>
        <line num="54" count="12" type="cond" truecount="1" falsecount="1"/>
        <line num="56" count="0" type="stmt"/>
        <line num="57" count="0" type="stmt"/>
        <line num="60" count="12" type="stmt"/>
        <line num="62" count="12" type="stmt"/>
        <line num="64" count="16" type="stmt"/>
        <line num="66" count="16" type="cond" truecount="0" falsecount="1"/>
        <line num="67" count="0" type="stmt"/>
        <line num="69" count="16" type="cond" truecount="2" falsecount="0"/>
        <line num="70" count="16" type="stmt"/>
        <line num="74" count="2" type="stmt"/>
        <line num="75" count="2" type="cond" truecount="1" falsecount="0"/>
        <line num="80" count="2" type="stmt"/>
        <line num="81" count="2" type="stmt"/>
        <line num="82" count="2" type="cond" truecount="0" falsecount="1"/>
        <line num="83" count="0" type="stmt"/>
        <line num="84" count="0" type="stmt"/>
        <line num="86" count="2" type="cond" truecount="0" falsecount="1"/>
        <line num="87" count="0" type="stmt"/>
        <line num="88" count="0" type="stmt"/>
        <line num="91" count="2" type="stmt"/>
        <line num="98" count="2" type="stmt"/>
        <line num="105" count="0" type="stmt"/>
        <line num="112" count="2" type="stmt"/>
        <line num="119" count="2" type="stmt"/>
        <line num="126" count="2" type="stmt"/>
        <line num="133" count="2" type="stmt"/>
        <line num="139" count="2" type="stmt"/>
        <line num="146" count="2" type="stmt"/>
      </file>
      <file name="index.ts" path="/Users/dejon/Development/damnsharppicks/sports-sdk-js/packages/are-you-watching-this/src/index.ts">
        <metrics statements="2" coveredstatements="2" conditionals="0" coveredconditionals="0" methods="0" coveredmethods="0"/>
        <line num="1" count="1" type="stmt"/>
        <line num="2" count="1" type="stmt"/>
      </file>
    </package>
    <package name="test">
      <metrics statements="8" coveredstatements="8" conditionals="0" coveredconditionals="0" methods="0" coveredmethods="0"/>
      <file name="responses.ts" path="/Users/dejon/Development/damnsharppicks/sports-sdk-js/packages/are-you-watching-this/test/responses.ts">
        <metrics statements="8" coveredstatements="8" conditionals="0" coveredconditionals="0" methods="0" coveredmethods="0"/>
        <line num="1" count="1" type="stmt"/>
        <line num="1697" count="1" type="stmt"/>
        <line num="9904" count="1" type="stmt"/>
        <line num="12769" count="1" type="stmt"/>
        <line num="12792" count="1" type="stmt"/>
        <line num="12833" count="1" type="stmt"/>
        <line num="13991" count="1" type="stmt"/>
        <line num="14493" count="1" type="stmt"/>
      </file>
    </package>
  </project>
</coverage>
