<?xml version="1.0" encoding="UTF-8"?>
<coverage generated="1723477375048" clover="3.2.0">
  <project timestamp="1723477375048" name="All files">
    <metrics statements="212" coveredstatements="205" conditionals="19" coveredconditionals="14" methods="16" coveredmethods="15" elements="247" coveredelements="234" complexity="0" loc="212" ncloc="212" packages="2" files="4" classes="4"/>
    <package name="src">
      <metrics statements="203" coveredstatements="196" conditionals="19" coveredconditionals="14" methods="16" coveredmethods="15"/>
      <file name="client.ts" path="/Users/dejon/Development/damnsharppicks/sports-sdk-js/packages/are-you-watching-this/src/client.ts">
        <metrics statements="40" coveredstatements="33" conditionals="15" coveredconditionals="10" methods="14" coveredmethods="13"/>
        <line num="1" count="1" type="stmt"/>
        <line num="18" count="1" type="stmt"/>
        <line num="20" count="1" type="stmt"/>
        <line num="30" count="1" type="cond" truecount="2" falsecount="0"/>
        <line num="31" count="1" type="cond" truecount="2" falsecount="0"/>
        <line num="33" count="1" type="cond" truecount="0" falsecount="1"/>
        <line num="34" count="0" type="stmt"/>
        <line num="36" count="1" type="cond" truecount="1" falsecount="1"/>
        <line num="37" count="1" type="stmt"/>
        <line num="44" count="18" type="stmt"/>
        <line num="47" count="1" type="stmt"/>
        <line num="49" count="1" type="stmt"/>
        <line num="64" count="18" type="stmt"/>
        <line num="65" count="14" type="cond" truecount="1" falsecount="1"/>
        <line num="67" count="0" type="stmt"/>
        <line num="68" count="0" type="stmt"/>
        <line num="71" count="14" type="stmt"/>
        <line num="73" count="14" type="stmt"/>
        <line num="75" count="18" type="stmt"/>
        <line num="77" count="18" type="cond" truecount="2" falsecount="0"/>
        <line num="78" count="18" type="stmt"/>
        <line num="82" count="2" type="stmt"/>
        <line num="83" count="2" type="cond" truecount="1" falsecount="0"/>
        <line num="88" count="2" type="stmt"/>
        <line num="89" count="2" type="stmt"/>
        <line num="90" count="2" type="cond" truecount="0" falsecount="1"/>
        <line num="91" count="0" type="stmt"/>
        <line num="92" count="0" type="stmt"/>
        <line num="94" count="2" type="cond" truecount="0" falsecount="1"/>
        <line num="95" count="0" type="stmt"/>
        <line num="96" count="0" type="stmt"/>
        <line num="99" count="2" type="stmt"/>
        <line num="106" count="2" type="stmt"/>
        <line num="113" count="2" type="stmt"/>
        <line num="120" count="2" type="stmt"/>
        <line num="127" count="2" type="stmt"/>
        <line num="134" count="2" type="stmt"/>
        <line num="141" count="2" type="stmt"/>
        <line num="147" count="2" type="stmt"/>
        <line num="154" count="2" type="stmt"/>
      </file>
      <file name="enums.ts" path="/Users/dejon/Development/damnsharppicks/sports-sdk-js/packages/are-you-watching-this/src/enums.ts">
        <metrics statements="160" coveredstatements="160" conditionals="4" coveredconditionals="4" methods="2" coveredmethods="2"/>
        <line num="1" count="1" type="cond" truecount="2" falsecount="0"/>
        <line num="5" count="1" type="stmt"/>
        <line num="10" count="1" type="stmt"/>
        <line num="15" count="1" type="stmt"/>
        <line num="20" count="1" type="stmt"/>
        <line num="25" count="1" type="stmt"/>
        <line num="30" count="1" type="stmt"/>
        <line num="35" count="1" type="stmt"/>
        <line num="40" count="1" type="stmt"/>
        <line num="45" count="1" type="stmt"/>
        <line num="50" count="1" type="stmt"/>
        <line num="55" count="1" type="stmt"/>
        <line num="60" count="1" type="stmt"/>
        <line num="65" count="1" type="stmt"/>
        <line num="70" count="1" type="stmt"/>
        <line num="75" count="1" type="stmt"/>
        <line num="80" count="1" type="stmt"/>
        <line num="85" count="1" type="stmt"/>
        <line num="90" count="1" type="stmt"/>
        <line num="95" count="1" type="stmt"/>
        <line num="100" count="1" type="stmt"/>
        <line num="105" count="1" type="stmt"/>
        <line num="110" count="1" type="stmt"/>
        <line num="115" count="1" type="stmt"/>
        <line num="120" count="1" type="stmt"/>
        <line num="125" count="1" type="stmt"/>
        <line num="130" count="1" type="stmt"/>
        <line num="135" count="1" type="stmt"/>
        <line num="140" count="1" type="stmt"/>
        <line num="145" count="1" type="stmt"/>
        <line num="150" count="1" type="stmt"/>
        <line num="155" count="1" type="stmt"/>
        <line num="160" count="1" type="stmt"/>
        <line num="165" count="1" type="stmt"/>
        <line num="170" count="1" type="stmt"/>
        <line num="175" count="1" type="stmt"/>
        <line num="180" count="1" type="stmt"/>
        <line num="185" count="1" type="stmt"/>
        <line num="190" count="1" type="stmt"/>
        <line num="195" count="1" type="stmt"/>
        <line num="200" count="1" type="stmt"/>
        <line num="205" count="1" type="stmt"/>
        <line num="210" count="1" type="stmt"/>
        <line num="215" count="1" type="stmt"/>
        <line num="220" count="1" type="stmt"/>
        <line num="225" count="1" type="stmt"/>
        <line num="230" count="1" type="stmt"/>
        <line num="233" count="1" type="cond" truecount="2" falsecount="0"/>
        <line num="237" count="1" type="stmt"/>
        <line num="242" count="1" type="stmt"/>
        <line num="247" count="1" type="stmt"/>
        <line num="252" count="1" type="stmt"/>
        <line num="257" count="1" type="stmt"/>
        <line num="262" count="1" type="stmt"/>
        <line num="267" count="1" type="stmt"/>
        <line num="272" count="1" type="stmt"/>
        <line num="277" count="1" type="stmt"/>
        <line num="282" count="1" type="stmt"/>
        <line num="287" count="1" type="stmt"/>
        <line num="292" count="1" type="stmt"/>
        <line num="297" count="1" type="stmt"/>
        <line num="302" count="1" type="stmt"/>
        <line num="307" count="1" type="stmt"/>
        <line num="312" count="1" type="stmt"/>
        <line num="317" count="1" type="stmt"/>
        <line num="322" count="1" type="stmt"/>
        <line num="327" count="1" type="stmt"/>
        <line num="332" count="1" type="stmt"/>
        <line num="337" count="1" type="stmt"/>
        <line num="342" count="1" type="stmt"/>
        <line num="347" count="1" type="stmt"/>
        <line num="352" count="1" type="stmt"/>
        <line num="357" count="1" type="stmt"/>
        <line num="362" count="1" type="stmt"/>
        <line num="367" count="1" type="stmt"/>
        <line num="372" count="1" type="stmt"/>
        <line num="377" count="1" type="stmt"/>
        <line num="382" count="1" type="stmt"/>
        <line num="387" count="1" type="stmt"/>
        <line num="392" count="1" type="stmt"/>
        <line num="397" count="1" type="stmt"/>
        <line num="402" count="1" type="stmt"/>
        <line num="407" count="1" type="stmt"/>
        <line num="412" count="1" type="stmt"/>
        <line num="417" count="1" type="stmt"/>
        <line num="422" count="1" type="stmt"/>
        <line num="427" count="1" type="stmt"/>
        <line num="432" count="1" type="stmt"/>
        <line num="437" count="1" type="stmt"/>
        <line num="442" count="1" type="stmt"/>
        <line num="447" count="1" type="stmt"/>
        <line num="452" count="1" type="stmt"/>
        <line num="457" count="1" type="stmt"/>
        <line num="462" count="1" type="stmt"/>
        <line num="467" count="1" type="stmt"/>
        <line num="472" count="1" type="stmt"/>
        <line num="477" count="1" type="stmt"/>
        <line num="482" count="1" type="stmt"/>
        <line num="487" count="1" type="stmt"/>
        <line num="492" count="1" type="stmt"/>
        <line num="497" count="1" type="stmt"/>
        <line num="502" count="1" type="stmt"/>
        <line num="507" count="1" type="stmt"/>
        <line num="512" count="1" type="stmt"/>
        <line num="517" count="1" type="stmt"/>
        <line num="522" count="1" type="stmt"/>
        <line num="527" count="1" type="stmt"/>
        <line num="532" count="1" type="stmt"/>
        <line num="537" count="1" type="stmt"/>
        <line num="542" count="1" type="stmt"/>
        <line num="547" count="1" type="stmt"/>
        <line num="552" count="1" type="stmt"/>
        <line num="557" count="1" type="stmt"/>
        <line num="562" count="1" type="stmt"/>
        <line num="567" count="1" type="stmt"/>
        <line num="572" count="1" type="stmt"/>
        <line num="577" count="1" type="stmt"/>
        <line num="582" count="1" type="stmt"/>
        <line num="587" count="1" type="stmt"/>
        <line num="592" count="1" type="stmt"/>
        <line num="597" count="1" type="stmt"/>
        <line num="602" count="1" type="stmt"/>
        <line num="607" count="1" type="stmt"/>
        <line num="612" count="1" type="stmt"/>
        <line num="617" count="1" type="stmt"/>
        <line num="622" count="1" type="stmt"/>
        <line num="627" count="1" type="stmt"/>
        <line num="632" count="1" type="stmt"/>
        <line num="637" count="1" type="stmt"/>
        <line num="642" count="1" type="stmt"/>
        <line num="647" count="1" type="stmt"/>
        <line num="652" count="1" type="stmt"/>
        <line num="657" count="1" type="stmt"/>
        <line num="662" count="1" type="stmt"/>
        <line num="667" count="1" type="stmt"/>
        <line num="672" count="1" type="stmt"/>
        <line num="677" count="1" type="stmt"/>
        <line num="682" count="1" type="stmt"/>
        <line num="687" count="1" type="stmt"/>
        <line num="692" count="1" type="stmt"/>
        <line num="697" count="1" type="stmt"/>
        <line num="702" count="1" type="stmt"/>
        <line num="707" count="1" type="stmt"/>
        <line num="712" count="1" type="stmt"/>
        <line num="717" count="1" type="stmt"/>
        <line num="722" count="1" type="stmt"/>
        <line num="727" count="1" type="stmt"/>
        <line num="732" count="1" type="stmt"/>
        <line num="737" count="1" type="stmt"/>
        <line num="742" count="1" type="stmt"/>
        <line num="747" count="1" type="stmt"/>
        <line num="752" count="1" type="stmt"/>
        <line num="757" count="1" type="stmt"/>
        <line num="762" count="1" type="stmt"/>
        <line num="767" count="1" type="stmt"/>
        <line num="772" count="1" type="stmt"/>
        <line num="777" count="1" type="stmt"/>
        <line num="782" count="1" type="stmt"/>
        <line num="787" count="1" type="stmt"/>
        <line num="792" count="1" type="stmt"/>
      </file>
      <file name="index.ts" path="/Users/dejon/Development/damnsharppicks/sports-sdk-js/packages/are-you-watching-this/src/index.ts">
        <metrics statements="3" coveredstatements="3" conditionals="0" coveredconditionals="0" methods="0" coveredmethods="0"/>
        <line num="1" count="1" type="stmt"/>
        <line num="2" count="1" type="stmt"/>
        <line num="3" count="1" type="stmt"/>
      </file>
    </package>
    <package name="test">
      <metrics statements="9" coveredstatements="9" conditionals="0" coveredconditionals="0" methods="0" coveredmethods="0"/>
      <file name="responses.ts" path="/Users/dejon/Development/damnsharppicks/sports-sdk-js/packages/are-you-watching-this/test/responses.ts">
        <metrics statements="9" coveredstatements="9" conditionals="0" coveredconditionals="0" methods="0" coveredmethods="0"/>
        <line num="1" count="1" type="stmt"/>
        <line num="1697" count="1" type="stmt"/>
        <line num="9904" count="1" type="stmt"/>
        <line num="12769" count="1" type="stmt"/>
        <line num="12792" count="1" type="stmt"/>
        <line num="12833" count="1" type="stmt"/>
        <line num="13991" count="1" type="stmt"/>
        <line num="14493" count="1" type="stmt"/>
        <line num="14919" count="1" type="stmt"/>
      </file>
    </package>
  </project>
</coverage>
