{"/Users/dejon/Development/damnsharppicks/sports-sdk-js/packages/are-you-watching-this/src/client.ts": {"path":"/Users/dejon/Development/damnsharppicks/sports-sdk-js/packages/are-you-watching-this/src/client.ts","statementMap":{"0":{"start":{"line":1,"column":0},"end":{"line":1,"column":49}},"1":{"start":{"line":18,"column":0},"end":{"line":18,"column":26}},"2":{"start":{"line":30,"column":21},"end":{"line":30,"column":55}},"3":{"start":{"line":31,"column":22},"end":{"line":31,"column":56}},"4":{"start":{"line":33,"column":8},"end":{"line":35,"column":9}},"5":{"start":{"line":34,"column":12},"end":{"line":34,"column":129}},"6":{"start":{"line":36,"column":25},"end":{"line":36,"column":90}},"7":{"start":{"line":37,"column":24},"end":{"line":46,"column":10}},"8":{"start":{"line":44,"column":4},"end":{"line":44,"column":24}},"9":{"start":{"line":47,"column":8},"end":{"line":47,"column":33}},"10":{"start":{"line":49,"column":8},"end":{"line":49,"column":28}},"11":{"start":{"line":64,"column":23},"end":{"line":74,"column":54}},"12":{"start":{"line":65,"column":12},"end":{"line":72,"column":13}},"13":{"start":{"line":67,"column":16},"end":{"line":69,"column":19}},"14":{"start":{"line":68,"column":20},"end":{"line":68,"column":41}},"15":{"start":{"line":71,"column":16},"end":{"line":71,"column":39}},"16":{"start":{"line":73,"column":12},"end":{"line":73,"column":23}},"17":{"start":{"line":75,"column":25},"end":{"line":75,"column":66}},"18":{"start":{"line":77,"column":23},"end":{"line":77,"column":68}},"19":{"start":{"line":78,"column":8},"end":{"line":78,"column":27}},"20":{"start":{"line":82,"column":46},"end":{"line":82,"column":48}},"21":{"start":{"line":83,"column":8},"end":{"line":98,"column":9}},"22":{"start":{"line":88,"column":16},"end":{"line":88,"column":26}},"23":{"start":{"line":89,"column":12},"end":{"line":89,"column":43}},"24":{"start":{"line":90,"column":12},"end":{"line":93,"column":13}},"25":{"start":{"line":91,"column":16},"end":{"line":91,"column":61}},"26":{"start":{"line":92,"column":16},"end":{"line":92,"column":59}},"27":{"start":{"line":94,"column":12},"end":{"line":97,"column":13}},"28":{"start":{"line":95,"column":16},"end":{"line":95,"column":78}},"29":{"start":{"line":96,"column":16},"end":{"line":96,"column":79}},"30":{"start":{"line":99,"column":8},"end":{"line":102,"column":11}},"31":{"start":{"line":106,"column":8},"end":{"line":109,"column":11}},"32":{"start":{"line":113,"column":8},"end":{"line":116,"column":11}},"33":{"start":{"line":120,"column":8},"end":{"line":123,"column":null}},"34":{"start":{"line":127,"column":8},"end":{"line":130,"column":11}},"35":{"start":{"line":134,"column":8},"end":{"line":137,"column":11}},"36":{"start":{"line":141,"column":8},"end":{"line":143,"column":11}},"37":{"start":{"line":147,"column":8},"end":{"line":150,"column":null}},"38":{"start":{"line":154,"column":8},"end":{"line":157,"column":null}},"39":{"start":{"line":20,"column":0},"end":{"line":20,"column":13}}},"fnMap":{"0":{"name":"(anonymous_1)","decl":{"start":{"line":29,"column":4},"end":{"line":29,"column":16}},"loc":{"start":{"line":29,"column":48},"end":{"line":50,"column":5}}},"1":{"name":"(anonymous_2)","decl":{"start":{"line":42,"column":19},"end":{"line":42,"column":28}},"loc":{"start":{"line":42,"column":34},"end":{"line":45,"column":4}}},"2":{"name":"(anonymous_3)","decl":{"start":{"line":59,"column":14},"end":{"line":59,"column":19}},"loc":{"start":{"line":63,"column":5},"end":{"line":79,"column":5}}},"3":{"name":"(anonymous_4)","decl":{"start":{"line":64,"column":63},"end":{"line":64,"column":64}},"loc":{"start":{"line":64,"column":85},"end":{"line":74,"column":9}}},"4":{"name":"(anonymous_5)","decl":{"start":{"line":67,"column":30},"end":{"line":67,"column":31}},"loc":{"start":{"line":67,"column":38},"end":{"line":69,"column":17}}},"5":{"name":"(anonymous_6)","decl":{"start":{"line":81,"column":11},"end":{"line":81,"column":16}},"loc":{"start":{"line":81,"column":54},"end":{"line":103,"column":5}}},"6":{"name":"(anonymous_7)","decl":{"start":{"line":105,"column":11},"end":{"line":105,"column":16}},"loc":{"start":{"line":105,"column":60},"end":{"line":110,"column":5}}},"7":{"name":"(anonymous_8)","decl":{"start":{"line":112,"column":11},"end":{"line":112,"column":16}},"loc":{"start":{"line":112,"column":64},"end":{"line":117,"column":5}}},"8":{"name":"(anonymous_9)","decl":{"start":{"line":119,"column":11},"end":{"line":119,"column":16}},"loc":{"start":{"line":119,"column":60},"end":{"line":124,"column":5}}},"9":{"name":"(anonymous_10)","decl":{"start":{"line":126,"column":11},"end":{"line":126,"column":16}},"loc":{"start":{"line":126,"column":57},"end":{"line":131,"column":5}}},"10":{"name":"(anonymous_11)","decl":{"start":{"line":133,"column":11},"end":{"line":133,"column":16}},"loc":{"start":{"line":133,"column":75},"end":{"line":138,"column":5}}},"11":{"name":"(anonymous_12)","decl":{"start":{"line":140,"column":11},"end":{"line":140,"column":16}},"loc":{"start":{"line":140,"column":26},"end":{"line":144,"column":5}}},"12":{"name":"(anonymous_13)","decl":{"start":{"line":146,"column":11},"end":{"line":146,"column":16}},"loc":{"start":{"line":146,"column":61},"end":{"line":151,"column":5}}},"13":{"name":"(anonymous_14)","decl":{"start":{"line":153,"column":11},"end":{"line":153,"column":16}},"loc":{"start":{"line":153,"column":53},"end":{"line":158,"column":5}}}},"branchMap":{"0":{"loc":{"start":{"line":30,"column":21},"end":{"line":30,"column":55}},"type":"binary-expr","locations":[{"start":{"line":30,"column":21},"end":{"line":30,"column":27}},{"start":{"line":30,"column":31},"end":{"line":30,"column":55}}]},"1":{"loc":{"start":{"line":31,"column":22},"end":{"line":31,"column":56}},"type":"binary-expr","locations":[{"start":{"line":31,"column":22},"end":{"line":31,"column":28}},{"start":{"line":31,"column":32},"end":{"line":31,"column":56}}]},"2":{"loc":{"start":{"line":33,"column":8},"end":{"line":35,"column":9}},"type":"if","locations":[{"start":{"line":33,"column":8},"end":{"line":35,"column":9}}]},"3":{"loc":{"start":{"line":36,"column":36},"end":{"line":36,"column":62}},"type":"cond-expr","locations":[{"start":{"line":36,"column":43},"end":{"line":36,"column":57}},{"start":{"line":36,"column":60},"end":{"line":36,"column":62}}]},"4":{"loc":{"start":{"line":59,"column":41},"end":{"line":59,"column":62}},"type":"default-arg","locations":[{"start":{"line":59,"column":60},"end":{"line":59,"column":62}}]},"5":{"loc":{"start":{"line":65,"column":12},"end":{"line":72,"column":13}},"type":"if","locations":[{"start":{"line":65,"column":12},"end":{"line":72,"column":13}},{"start":{"line":70,"column":19},"end":{"line":72,"column":13}}]},"6":{"loc":{"start":{"line":77,"column":23},"end":{"line":77,"column":68}},"type":"binary-expr","locations":[{"start":{"line":77,"column":23},"end":{"line":77,"column":51}},{"start":{"line":77,"column":55},"end":{"line":77,"column":68}}]},"7":{"loc":{"start":{"line":83,"column":8},"end":{"line":98,"column":9}},"type":"if","locations":[{"start":{"line":83,"column":8},"end":{"line":98,"column":9}}]},"8":{"loc":{"start":{"line":90,"column":12},"end":{"line":93,"column":13}},"type":"if","locations":[{"start":{"line":90,"column":12},"end":{"line":93,"column":13}}]},"9":{"loc":{"start":{"line":94,"column":12},"end":{"line":97,"column":13}},"type":"if","locations":[{"start":{"line":94,"column":12},"end":{"line":97,"column":13}}]}},"s":{"0":1,"1":1,"2":1,"3":1,"4":1,"5":0,"6":1,"7":1,"8":18,"9":1,"10":1,"11":18,"12":14,"13":0,"14":0,"15":14,"16":14,"17":18,"18":18,"19":18,"20":2,"21":2,"22":2,"23":2,"24":2,"25":0,"26":0,"27":2,"28":0,"29":0,"30":2,"31":2,"32":2,"33":2,"34":2,"35":2,"36":2,"37":2,"38":2,"39":1},"f":{"0":1,"1":18,"2":18,"3":14,"4":0,"5":2,"6":2,"7":2,"8":2,"9":2,"10":2,"11":2,"12":2,"13":2},"b":{"0":[1,1],"1":[1,1],"2":[0],"3":[1,0],"4":[2],"5":[0,14],"6":[18,18],"7":[2],"8":[0],"9":[0]}}
,"/Users/dejon/Development/damnsharppicks/sports-sdk-js/packages/are-you-watching-this/src/enums.ts": {"path":"/Users/dejon/Development/damnsharppicks/sports-sdk-js/packages/are-you-watching-this/src/enums.ts","statementMap":{"0":{"start":{"line":1,"column":0},"end":{"line":1,"column":null}},"1":{"start":{"line":5,"column":4},"end":{"line":5,"column":null}},"2":{"start":{"line":10,"column":4},"end":{"line":10,"column":null}},"3":{"start":{"line":15,"column":4},"end":{"line":15,"column":null}},"4":{"start":{"line":20,"column":4},"end":{"line":20,"column":null}},"5":{"start":{"line":25,"column":4},"end":{"line":25,"column":null}},"6":{"start":{"line":30,"column":4},"end":{"line":30,"column":null}},"7":{"start":{"line":35,"column":4},"end":{"line":35,"column":null}},"8":{"start":{"line":40,"column":4},"end":{"line":40,"column":null}},"9":{"start":{"line":45,"column":4},"end":{"line":45,"column":null}},"10":{"start":{"line":50,"column":4},"end":{"line":50,"column":null}},"11":{"start":{"line":55,"column":4},"end":{"line":55,"column":null}},"12":{"start":{"line":60,"column":4},"end":{"line":60,"column":null}},"13":{"start":{"line":65,"column":4},"end":{"line":65,"column":null}},"14":{"start":{"line":70,"column":4},"end":{"line":70,"column":null}},"15":{"start":{"line":75,"column":4},"end":{"line":75,"column":null}},"16":{"start":{"line":80,"column":4},"end":{"line":80,"column":null}},"17":{"start":{"line":85,"column":4},"end":{"line":85,"column":null}},"18":{"start":{"line":90,"column":4},"end":{"line":90,"column":null}},"19":{"start":{"line":95,"column":4},"end":{"line":95,"column":null}},"20":{"start":{"line":100,"column":4},"end":{"line":100,"column":null}},"21":{"start":{"line":105,"column":4},"end":{"line":105,"column":null}},"22":{"start":{"line":110,"column":4},"end":{"line":110,"column":null}},"23":{"start":{"line":115,"column":4},"end":{"line":115,"column":null}},"24":{"start":{"line":120,"column":4},"end":{"line":120,"column":null}},"25":{"start":{"line":125,"column":4},"end":{"line":125,"column":null}},"26":{"start":{"line":130,"column":4},"end":{"line":130,"column":null}},"27":{"start":{"line":135,"column":4},"end":{"line":135,"column":null}},"28":{"start":{"line":140,"column":4},"end":{"line":140,"column":null}},"29":{"start":{"line":145,"column":4},"end":{"line":145,"column":null}},"30":{"start":{"line":150,"column":4},"end":{"line":150,"column":null}},"31":{"start":{"line":155,"column":4},"end":{"line":155,"column":null}},"32":{"start":{"line":160,"column":4},"end":{"line":160,"column":null}},"33":{"start":{"line":165,"column":4},"end":{"line":165,"column":null}},"34":{"start":{"line":170,"column":4},"end":{"line":170,"column":null}},"35":{"start":{"line":175,"column":4},"end":{"line":175,"column":null}},"36":{"start":{"line":180,"column":4},"end":{"line":180,"column":null}},"37":{"start":{"line":185,"column":4},"end":{"line":185,"column":null}},"38":{"start":{"line":190,"column":4},"end":{"line":190,"column":null}},"39":{"start":{"line":195,"column":4},"end":{"line":195,"column":null}},"40":{"start":{"line":200,"column":4},"end":{"line":200,"column":null}},"41":{"start":{"line":205,"column":4},"end":{"line":205,"column":null}},"42":{"start":{"line":210,"column":4},"end":{"line":210,"column":null}},"43":{"start":{"line":215,"column":4},"end":{"line":215,"column":null}},"44":{"start":{"line":220,"column":4},"end":{"line":220,"column":null}},"45":{"start":{"line":225,"column":4},"end":{"line":225,"column":null}},"46":{"start":{"line":230,"column":4},"end":{"line":230,"column":null}},"47":{"start":{"line":233,"column":0},"end":{"line":233,"column":null}},"48":{"start":{"line":237,"column":4},"end":{"line":237,"column":null}},"49":{"start":{"line":242,"column":4},"end":{"line":242,"column":null}},"50":{"start":{"line":247,"column":4},"end":{"line":247,"column":null}},"51":{"start":{"line":252,"column":4},"end":{"line":252,"column":null}},"52":{"start":{"line":257,"column":4},"end":{"line":257,"column":null}},"53":{"start":{"line":262,"column":4},"end":{"line":262,"column":null}},"54":{"start":{"line":267,"column":4},"end":{"line":267,"column":null}},"55":{"start":{"line":272,"column":4},"end":{"line":272,"column":null}},"56":{"start":{"line":277,"column":4},"end":{"line":277,"column":null}},"57":{"start":{"line":282,"column":4},"end":{"line":282,"column":null}},"58":{"start":{"line":287,"column":4},"end":{"line":287,"column":null}},"59":{"start":{"line":292,"column":4},"end":{"line":292,"column":null}},"60":{"start":{"line":297,"column":4},"end":{"line":297,"column":null}},"61":{"start":{"line":302,"column":4},"end":{"line":302,"column":null}},"62":{"start":{"line":307,"column":4},"end":{"line":307,"column":null}},"63":{"start":{"line":312,"column":4},"end":{"line":312,"column":null}},"64":{"start":{"line":317,"column":4},"end":{"line":317,"column":null}},"65":{"start":{"line":322,"column":4},"end":{"line":322,"column":null}},"66":{"start":{"line":327,"column":4},"end":{"line":327,"column":null}},"67":{"start":{"line":332,"column":4},"end":{"line":332,"column":null}},"68":{"start":{"line":337,"column":4},"end":{"line":337,"column":null}},"69":{"start":{"line":342,"column":4},"end":{"line":342,"column":null}},"70":{"start":{"line":347,"column":4},"end":{"line":347,"column":null}},"71":{"start":{"line":352,"column":4},"end":{"line":352,"column":null}},"72":{"start":{"line":357,"column":4},"end":{"line":357,"column":null}},"73":{"start":{"line":362,"column":4},"end":{"line":362,"column":null}},"74":{"start":{"line":367,"column":4},"end":{"line":367,"column":null}},"75":{"start":{"line":372,"column":4},"end":{"line":372,"column":null}},"76":{"start":{"line":377,"column":4},"end":{"line":377,"column":null}},"77":{"start":{"line":382,"column":4},"end":{"line":382,"column":null}},"78":{"start":{"line":387,"column":4},"end":{"line":387,"column":null}},"79":{"start":{"line":392,"column":4},"end":{"line":392,"column":null}},"80":{"start":{"line":397,"column":4},"end":{"line":397,"column":null}},"81":{"start":{"line":402,"column":4},"end":{"line":402,"column":null}},"82":{"start":{"line":407,"column":4},"end":{"line":407,"column":null}},"83":{"start":{"line":412,"column":4},"end":{"line":412,"column":null}},"84":{"start":{"line":417,"column":4},"end":{"line":417,"column":null}},"85":{"start":{"line":422,"column":4},"end":{"line":422,"column":null}},"86":{"start":{"line":427,"column":4},"end":{"line":427,"column":null}},"87":{"start":{"line":432,"column":4},"end":{"line":432,"column":null}},"88":{"start":{"line":437,"column":4},"end":{"line":437,"column":null}},"89":{"start":{"line":442,"column":4},"end":{"line":442,"column":null}},"90":{"start":{"line":447,"column":4},"end":{"line":447,"column":null}},"91":{"start":{"line":452,"column":4},"end":{"line":452,"column":null}},"92":{"start":{"line":457,"column":4},"end":{"line":457,"column":null}},"93":{"start":{"line":462,"column":4},"end":{"line":462,"column":null}},"94":{"start":{"line":467,"column":4},"end":{"line":467,"column":null}},"95":{"start":{"line":472,"column":4},"end":{"line":472,"column":null}},"96":{"start":{"line":477,"column":4},"end":{"line":477,"column":null}},"97":{"start":{"line":482,"column":4},"end":{"line":482,"column":null}},"98":{"start":{"line":487,"column":4},"end":{"line":487,"column":null}},"99":{"start":{"line":492,"column":4},"end":{"line":492,"column":null}},"100":{"start":{"line":497,"column":4},"end":{"line":497,"column":null}},"101":{"start":{"line":502,"column":4},"end":{"line":502,"column":null}},"102":{"start":{"line":507,"column":4},"end":{"line":507,"column":null}},"103":{"start":{"line":512,"column":4},"end":{"line":512,"column":null}},"104":{"start":{"line":517,"column":4},"end":{"line":517,"column":null}},"105":{"start":{"line":522,"column":4},"end":{"line":522,"column":null}},"106":{"start":{"line":527,"column":4},"end":{"line":527,"column":null}},"107":{"start":{"line":532,"column":4},"end":{"line":532,"column":null}},"108":{"start":{"line":537,"column":4},"end":{"line":537,"column":null}},"109":{"start":{"line":542,"column":4},"end":{"line":542,"column":null}},"110":{"start":{"line":547,"column":4},"end":{"line":547,"column":null}},"111":{"start":{"line":552,"column":4},"end":{"line":552,"column":null}},"112":{"start":{"line":557,"column":4},"end":{"line":557,"column":null}},"113":{"start":{"line":562,"column":4},"end":{"line":562,"column":null}},"114":{"start":{"line":567,"column":4},"end":{"line":567,"column":null}},"115":{"start":{"line":572,"column":4},"end":{"line":572,"column":null}},"116":{"start":{"line":577,"column":4},"end":{"line":577,"column":null}},"117":{"start":{"line":582,"column":4},"end":{"line":582,"column":null}},"118":{"start":{"line":587,"column":4},"end":{"line":587,"column":null}},"119":{"start":{"line":592,"column":4},"end":{"line":592,"column":null}},"120":{"start":{"line":597,"column":4},"end":{"line":597,"column":null}},"121":{"start":{"line":602,"column":4},"end":{"line":602,"column":null}},"122":{"start":{"line":607,"column":4},"end":{"line":607,"column":null}},"123":{"start":{"line":612,"column":4},"end":{"line":612,"column":null}},"124":{"start":{"line":617,"column":4},"end":{"line":617,"column":null}},"125":{"start":{"line":622,"column":4},"end":{"line":622,"column":null}},"126":{"start":{"line":627,"column":4},"end":{"line":627,"column":null}},"127":{"start":{"line":632,"column":4},"end":{"line":632,"column":null}},"128":{"start":{"line":637,"column":4},"end":{"line":637,"column":null}},"129":{"start":{"line":642,"column":4},"end":{"line":642,"column":null}},"130":{"start":{"line":647,"column":4},"end":{"line":647,"column":null}},"131":{"start":{"line":652,"column":4},"end":{"line":652,"column":null}},"132":{"start":{"line":657,"column":4},"end":{"line":657,"column":null}},"133":{"start":{"line":662,"column":4},"end":{"line":662,"column":null}},"134":{"start":{"line":667,"column":4},"end":{"line":667,"column":null}},"135":{"start":{"line":672,"column":4},"end":{"line":672,"column":null}},"136":{"start":{"line":677,"column":4},"end":{"line":677,"column":null}},"137":{"start":{"line":682,"column":4},"end":{"line":682,"column":null}},"138":{"start":{"line":687,"column":4},"end":{"line":687,"column":null}},"139":{"start":{"line":692,"column":4},"end":{"line":692,"column":null}},"140":{"start":{"line":697,"column":4},"end":{"line":697,"column":null}},"141":{"start":{"line":702,"column":4},"end":{"line":702,"column":null}},"142":{"start":{"line":707,"column":4},"end":{"line":707,"column":null}},"143":{"start":{"line":712,"column":4},"end":{"line":712,"column":null}},"144":{"start":{"line":717,"column":4},"end":{"line":717,"column":null}},"145":{"start":{"line":722,"column":4},"end":{"line":722,"column":null}},"146":{"start":{"line":727,"column":4},"end":{"line":727,"column":null}},"147":{"start":{"line":732,"column":4},"end":{"line":732,"column":null}},"148":{"start":{"line":737,"column":4},"end":{"line":737,"column":null}},"149":{"start":{"line":742,"column":4},"end":{"line":742,"column":null}},"150":{"start":{"line":747,"column":4},"end":{"line":747,"column":null}},"151":{"start":{"line":752,"column":4},"end":{"line":752,"column":null}},"152":{"start":{"line":757,"column":4},"end":{"line":757,"column":null}},"153":{"start":{"line":762,"column":4},"end":{"line":762,"column":null}},"154":{"start":{"line":767,"column":4},"end":{"line":767,"column":null}},"155":{"start":{"line":772,"column":4},"end":{"line":772,"column":null}},"156":{"start":{"line":777,"column":4},"end":{"line":777,"column":null}},"157":{"start":{"line":782,"column":4},"end":{"line":782,"column":null}},"158":{"start":{"line":787,"column":4},"end":{"line":787,"column":null}},"159":{"start":{"line":792,"column":4},"end":{"line":792,"column":null}}},"fnMap":{"0":{"name":"(anonymous_0)","decl":{"start":{"line":1,"column":0},"end":{"line":1,"column":12}},"loc":{"start":{"line":1,"column":21},"end":{"line":231,"column":1}}},"1":{"name":"(anonymous_1)","decl":{"start":{"line":233,"column":0},"end":{"line":233,"column":12}},"loc":{"start":{"line":233,"column":26},"end":{"line":793,"column":1}}}},"branchMap":{"0":{"loc":{"start":{"line":1,"column":12},"end":{"line":1,"column":null}},"type":"binary-expr","locations":[{"start":{"line":1,"column":12},"end":{"line":1,"column":21}},{"start":{"line":1,"column":21},"end":{"line":1,"column":null}}]},"1":{"loc":{"start":{"line":233,"column":12},"end":{"line":233,"column":null}},"type":"binary-expr","locations":[{"start":{"line":233,"column":12},"end":{"line":233,"column":26}},{"start":{"line":233,"column":26},"end":{"line":233,"column":null}}]}},"s":{"0":1,"1":1,"2":1,"3":1,"4":1,"5":1,"6":1,"7":1,"8":1,"9":1,"10":1,"11":1,"12":1,"13":1,"14":1,"15":1,"16":1,"17":1,"18":1,"19":1,"20":1,"21":1,"22":1,"23":1,"24":1,"25":1,"26":1,"27":1,"28":1,"29":1,"30":1,"31":1,"32":1,"33":1,"34":1,"35":1,"36":1,"37":1,"38":1,"39":1,"40":1,"41":1,"42":1,"43":1,"44":1,"45":1,"46":1,"47":1,"48":1,"49":1,"50":1,"51":1,"52":1,"53":1,"54":1,"55":1,"56":1,"57":1,"58":1,"59":1,"60":1,"61":1,"62":1,"63":1,"64":1,"65":1,"66":1,"67":1,"68":1,"69":1,"70":1,"71":1,"72":1,"73":1,"74":1,"75":1,"76":1,"77":1,"78":1,"79":1,"80":1,"81":1,"82":1,"83":1,"84":1,"85":1,"86":1,"87":1,"88":1,"89":1,"90":1,"91":1,"92":1,"93":1,"94":1,"95":1,"96":1,"97":1,"98":1,"99":1,"100":1,"101":1,"102":1,"103":1,"104":1,"105":1,"106":1,"107":1,"108":1,"109":1,"110":1,"111":1,"112":1,"113":1,"114":1,"115":1,"116":1,"117":1,"118":1,"119":1,"120":1,"121":1,"122":1,"123":1,"124":1,"125":1,"126":1,"127":1,"128":1,"129":1,"130":1,"131":1,"132":1,"133":1,"134":1,"135":1,"136":1,"137":1,"138":1,"139":1,"140":1,"141":1,"142":1,"143":1,"144":1,"145":1,"146":1,"147":1,"148":1,"149":1,"150":1,"151":1,"152":1,"153":1,"154":1,"155":1,"156":1,"157":1,"158":1,"159":1},"f":{"0":1,"1":1},"b":{"0":[1,1],"1":[1,1]}}
,"/Users/dejon/Development/damnsharppicks/sports-sdk-js/packages/are-you-watching-this/src/index.ts": {"path":"/Users/dejon/Development/damnsharppicks/sports-sdk-js/packages/are-you-watching-this/src/index.ts","statementMap":{"0":{"start":{"line":1,"column":0},"end":{"line":1,"column":25}},"1":{"start":{"line":2,"column":0},"end":{"line":2,"column":24}},"2":{"start":{"line":3,"column":0},"end":{"line":3,"column":24}}},"fnMap":{},"branchMap":{},"s":{"0":1,"1":1,"2":1},"f":{},"b":{}}
,"/Users/dejon/Development/damnsharppicks/sports-sdk-js/packages/are-you-watching-this/test/responses.ts": {"path":"/Users/dejon/Development/damnsharppicks/sports-sdk-js/packages/are-you-watching-this/test/responses.ts","statementMap":{"0":{"start":{"line":1,"column":13},"end":{"line":1695,"column":2}},"1":{"start":{"line":1697,"column":13},"end":{"line":9902,"column":2}},"2":{"start":{"line":9904,"column":13},"end":{"line":12767,"column":2}},"3":{"start":{"line":12769,"column":13},"end":{"line":12790,"column":2}},"4":{"start":{"line":12792,"column":13},"end":{"line":12831,"column":2}},"5":{"start":{"line":12833,"column":13},"end":{"line":13989,"column":2}},"6":{"start":{"line":13991,"column":13},"end":{"line":14491,"column":2}},"7":{"start":{"line":14493,"column":13},"end":{"line":14917,"column":2}},"8":{"start":{"line":14919,"column":13},"end":{"line":15537,"column":2}}},"fnMap":{},"branchMap":{},"s":{"0":1,"1":1,"2":1,"3":1,"4":1,"5":1,"6":1,"7":1,"8":1},"f":{},"b":{}}
}
