{"/Users/dejon/Development/damnsharppicks/sports-sdk-js/packages/are-you-watching-this/src/client.ts": {"path":"/Users/dejon/Development/damnsharppicks/sports-sdk-js/packages/are-you-watching-this/src/client.ts","statementMap":{"0":{"start":{"line":1,"column":0},"end":{"line":1,"column":49}},"1":{"start":{"line":29,"column":21},"end":{"line":29,"column":55}},"2":{"start":{"line":30,"column":22},"end":{"line":30,"column":56}},"3":{"start":{"line":32,"column":8},"end":{"line":34,"column":9}},"4":{"start":{"line":33,"column":12},"end":{"line":33,"column":129}},"5":{"start":{"line":35,"column":8},"end":{"line":35,"column":81}},"6":{"start":{"line":37,"column":8},"end":{"line":37,"column":28}},"7":{"start":{"line":53,"column":23},"end":{"line":63,"column":54}},"8":{"start":{"line":54,"column":12},"end":{"line":61,"column":13}},"9":{"start":{"line":56,"column":16},"end":{"line":58,"column":19}},"10":{"start":{"line":57,"column":20},"end":{"line":57,"column":41}},"11":{"start":{"line":60,"column":16},"end":{"line":60,"column":39}},"12":{"start":{"line":62,"column":12},"end":{"line":62,"column":23}},"13":{"start":{"line":64,"column":25},"end":{"line":64,"column":66}},"14":{"start":{"line":66,"column":8},"end":{"line":68,"column":9}},"15":{"start":{"line":67,"column":12},"end":{"line":67,"column":126}},"16":{"start":{"line":69,"column":23},"end":{"line":69,"column":68}},"17":{"start":{"line":70,"column":8},"end":{"line":70,"column":27}},"18":{"start":{"line":74,"column":46},"end":{"line":74,"column":48}},"19":{"start":{"line":75,"column":8},"end":{"line":90,"column":9}},"20":{"start":{"line":80,"column":16},"end":{"line":80,"column":26}},"21":{"start":{"line":81,"column":12},"end":{"line":81,"column":43}},"22":{"start":{"line":82,"column":12},"end":{"line":85,"column":13}},"23":{"start":{"line":83,"column":16},"end":{"line":83,"column":61}},"24":{"start":{"line":84,"column":16},"end":{"line":84,"column":59}},"25":{"start":{"line":86,"column":12},"end":{"line":89,"column":13}},"26":{"start":{"line":87,"column":16},"end":{"line":87,"column":78}},"27":{"start":{"line":88,"column":16},"end":{"line":88,"column":79}},"28":{"start":{"line":91,"column":8},"end":{"line":94,"column":11}},"29":{"start":{"line":98,"column":8},"end":{"line":101,"column":11}},"30":{"start":{"line":105,"column":8},"end":{"line":108,"column":11}},"31":{"start":{"line":112,"column":8},"end":{"line":115,"column":null}},"32":{"start":{"line":119,"column":8},"end":{"line":122,"column":11}},"33":{"start":{"line":126,"column":8},"end":{"line":129,"column":11}},"34":{"start":{"line":133,"column":8},"end":{"line":135,"column":11}},"35":{"start":{"line":139,"column":8},"end":{"line":142,"column":null}},"36":{"start":{"line":146,"column":8},"end":{"line":149,"column":null}},"37":{"start":{"line":19,"column":0},"end":{"line":19,"column":13}}},"fnMap":{"0":{"name":"(anonymous_0)","decl":{"start":{"line":28,"column":4},"end":{"line":28,"column":16}},"loc":{"start":{"line":28,"column":48},"end":{"line":38,"column":5}}},"1":{"name":"(anonymous_1)","decl":{"start":{"line":48,"column":14},"end":{"line":48,"column":19}},"loc":{"start":{"line":52,"column":5},"end":{"line":71,"column":5}}},"2":{"name":"(anonymous_2)","decl":{"start":{"line":53,"column":63},"end":{"line":53,"column":64}},"loc":{"start":{"line":53,"column":85},"end":{"line":63,"column":9}}},"3":{"name":"(anonymous_3)","decl":{"start":{"line":56,"column":30},"end":{"line":56,"column":31}},"loc":{"start":{"line":56,"column":38},"end":{"line":58,"column":17}}},"4":{"name":"(anonymous_4)","decl":{"start":{"line":73,"column":11},"end":{"line":73,"column":16}},"loc":{"start":{"line":73,"column":54},"end":{"line":95,"column":5}}},"5":{"name":"(anonymous_5)","decl":{"start":{"line":97,"column":11},"end":{"line":97,"column":16}},"loc":{"start":{"line":97,"column":60},"end":{"line":102,"column":5}}},"6":{"name":"(anonymous_6)","decl":{"start":{"line":104,"column":11},"end":{"line":104,"column":16}},"loc":{"start":{"line":104,"column":64},"end":{"line":109,"column":5}}},"7":{"name":"(anonymous_7)","decl":{"start":{"line":111,"column":11},"end":{"line":111,"column":16}},"loc":{"start":{"line":111,"column":60},"end":{"line":116,"column":5}}},"8":{"name":"(anonymous_8)","decl":{"start":{"line":118,"column":11},"end":{"line":118,"column":16}},"loc":{"start":{"line":118,"column":57},"end":{"line":123,"column":5}}},"9":{"name":"(anonymous_9)","decl":{"start":{"line":125,"column":11},"end":{"line":125,"column":16}},"loc":{"start":{"line":125,"column":75},"end":{"line":130,"column":5}}},"10":{"name":"(anonymous_10)","decl":{"start":{"line":132,"column":11},"end":{"line":132,"column":16}},"loc":{"start":{"line":132,"column":26},"end":{"line":136,"column":5}}},"11":{"name":"(anonymous_11)","decl":{"start":{"line":138,"column":11},"end":{"line":138,"column":16}},"loc":{"start":{"line":138,"column":61},"end":{"line":143,"column":5}}},"12":{"name":"(anonymous_12)","decl":{"start":{"line":145,"column":11},"end":{"line":145,"column":16}},"loc":{"start":{"line":145,"column":53},"end":{"line":150,"column":5}}}},"branchMap":{"0":{"loc":{"start":{"line":29,"column":21},"end":{"line":29,"column":55}},"type":"binary-expr","locations":[{"start":{"line":29,"column":21},"end":{"line":29,"column":27}},{"start":{"line":29,"column":31},"end":{"line":29,"column":55}}]},"1":{"loc":{"start":{"line":30,"column":22},"end":{"line":30,"column":56}},"type":"binary-expr","locations":[{"start":{"line":30,"column":22},"end":{"line":30,"column":28}},{"start":{"line":30,"column":32},"end":{"line":30,"column":56}}]},"2":{"loc":{"start":{"line":32,"column":8},"end":{"line":34,"column":9}},"type":"if","locations":[{"start":{"line":32,"column":8},"end":{"line":34,"column":9}}]},"3":{"loc":{"start":{"line":35,"column":25},"end":{"line":35,"column":51}},"type":"cond-expr","locations":[{"start":{"line":35,"column":32},"end":{"line":35,"column":46}},{"start":{"line":35,"column":49},"end":{"line":35,"column":51}}]},"4":{"loc":{"start":{"line":48,"column":41},"end":{"line":48,"column":62}},"type":"default-arg","locations":[{"start":{"line":48,"column":60},"end":{"line":48,"column":62}}]},"5":{"loc":{"start":{"line":54,"column":12},"end":{"line":61,"column":13}},"type":"if","locations":[{"start":{"line":54,"column":12},"end":{"line":61,"column":13}},{"start":{"line":59,"column":19},"end":{"line":61,"column":13}}]},"6":{"loc":{"start":{"line":66,"column":8},"end":{"line":68,"column":9}},"type":"if","locations":[{"start":{"line":66,"column":8},"end":{"line":68,"column":9}}]},"7":{"loc":{"start":{"line":69,"column":23},"end":{"line":69,"column":68}},"type":"binary-expr","locations":[{"start":{"line":69,"column":23},"end":{"line":69,"column":51}},{"start":{"line":69,"column":55},"end":{"line":69,"column":68}}]},"8":{"loc":{"start":{"line":75,"column":8},"end":{"line":90,"column":9}},"type":"if","locations":[{"start":{"line":75,"column":8},"end":{"line":90,"column":9}}]},"9":{"loc":{"start":{"line":82,"column":12},"end":{"line":85,"column":13}},"type":"if","locations":[{"start":{"line":82,"column":12},"end":{"line":85,"column":13}}]},"10":{"loc":{"start":{"line":86,"column":12},"end":{"line":89,"column":13}},"type":"if","locations":[{"start":{"line":86,"column":12},"end":{"line":89,"column":13}}]}},"s":{"0":1,"1":1,"2":1,"3":1,"4":0,"5":1,"6":1,"7":16,"8":12,"9":0,"10":0,"11":12,"12":12,"13":16,"14":16,"15":0,"16":16,"17":16,"18":2,"19":2,"20":2,"21":2,"22":2,"23":0,"24":0,"25":2,"26":0,"27":0,"28":2,"29":2,"30":0,"31":2,"32":2,"33":2,"34":2,"35":2,"36":2,"37":1},"f":{"0":1,"1":16,"2":12,"3":0,"4":2,"5":2,"6":0,"7":2,"8":2,"9":2,"10":2,"11":2,"12":2},"b":{"0":[1,1],"1":[1,1],"2":[0],"3":[1,0],"4":[2],"5":[0,12],"6":[0],"7":[16,16],"8":[2],"9":[0],"10":[0]}}
,"/Users/dejon/Development/damnsharppicks/sports-sdk-js/packages/are-you-watching-this/src/index.ts": {"path":"/Users/dejon/Development/damnsharppicks/sports-sdk-js/packages/are-you-watching-this/src/index.ts","statementMap":{"0":{"start":{"line":1,"column":0},"end":{"line":1,"column":25}},"1":{"start":{"line":2,"column":0},"end":{"line":2,"column":24}}},"fnMap":{},"branchMap":{},"s":{"0":1,"1":1},"f":{},"b":{}}
,"/Users/dejon/Development/damnsharppicks/sports-sdk-js/packages/are-you-watching-this/test/responses.ts": {"path":"/Users/dejon/Development/damnsharppicks/sports-sdk-js/packages/are-you-watching-this/test/responses.ts","statementMap":{"0":{"start":{"line":1,"column":13},"end":{"line":1695,"column":2}},"1":{"start":{"line":1697,"column":13},"end":{"line":9902,"column":2}},"2":{"start":{"line":9904,"column":13},"end":{"line":12767,"column":2}},"3":{"start":{"line":12769,"column":13},"end":{"line":12790,"column":2}},"4":{"start":{"line":12792,"column":13},"end":{"line":12831,"column":2}},"5":{"start":{"line":12833,"column":13},"end":{"line":13989,"column":2}},"6":{"start":{"line":13991,"column":13},"end":{"line":14491,"column":2}},"7":{"start":{"line":14493,"column":13},"end":{"line":14917,"column":2}}},"fnMap":{},"branchMap":{},"s":{"0":1,"1":1,"2":1,"3":1,"4":1,"5":1,"6":1,"7":1},"f":{},"b":{}}
}
