TN:
SF:src/client.ts
FN:28,(anonymous_0)
FN:48,(anonymous_1)
FN:53,(anonymous_2)
FN:56,(anonymous_3)
FN:73,(anonymous_4)
FN:97,(anonymous_5)
FN:104,(anonymous_6)
FN:111,(anonymous_7)
FN:118,(anonymous_8)
FN:125,(anonymous_9)
FN:132,(anonymous_10)
FN:138,(anonymous_11)
FN:145,(anonymous_12)
FNF:13
FNH:11
FNDA:1,(anonymous_0)
FNDA:16,(anonymous_1)
FNDA:12,(anonymous_2)
FNDA:0,(anonymous_3)
FNDA:2,(anonymous_4)
FNDA:2,(anonymous_5)
FNDA:0,(anonymous_6)
FNDA:2,(anonymous_7)
FNDA:2,(anonymous_8)
FNDA:2,(anonymous_9)
FNDA:2,(anonymous_10)
FNDA:2,(anonymous_11)
FNDA:2,(anonymous_12)
DA:1,1
DA:19,1
DA:29,1
DA:30,1
DA:32,1
DA:33,0
DA:35,1
DA:37,1
DA:53,16
DA:54,12
DA:56,0
DA:57,0
DA:60,12
DA:62,12
DA:64,16
DA:66,16
DA:67,0
DA:69,16
DA:70,16
DA:74,2
DA:75,2
DA:80,2
DA:81,2
DA:82,2
DA:83,0
DA:84,0
DA:86,2
DA:87,0
DA:88,0
DA:91,2
DA:98,2
DA:105,0
DA:112,2
DA:119,2
DA:126,2
DA:133,2
DA:139,2
DA:146,2
LF:38
LH:29
BRDA:29,0,0,1
BRDA:29,0,1,1
BRDA:30,1,0,1
BRDA:30,1,1,1
BRDA:32,2,0,0
BRDA:35,3,0,1
BRDA:35,3,1,0
BRDA:48,4,0,2
BRDA:54,5,0,0
BRDA:54,5,1,12
BRDA:66,6,0,0
BRDA:69,7,0,16
BRDA:69,7,1,16
BRDA:75,8,0,2
BRDA:82,9,0,0
BRDA:86,10,0,0
BRF:16
BRH:10
end_of_record
TN:
SF:src/index.ts
FNF:0
FNH:0
DA:1,1
DA:2,1
LF:2
LH:2
BRF:0
BRH:0
end_of_record
TN:
SF:test/responses.ts
FNF:0
FNH:0
DA:1,1
DA:1697,1
DA:9904,1
DA:12769,1
DA:12792,1
DA:12833,1
DA:13991,1
DA:14493,1
LF:8
LH:8
BRF:0
BRH:0
end_of_record
