TN:
SF:src/client.ts
FN:29,(anonymous_1)
FN:42,(anonymous_2)
FN:59,(anonymous_3)
FN:64,(anonymous_4)
FN:67,(anonymous_5)
FN:81,(anonymous_6)
FN:105,(anonymous_7)
FN:112,(anonymous_8)
FN:119,(anonymous_9)
FN:126,(anonymous_10)
FN:133,(anonymous_11)
FN:140,(anonymous_12)
FN:146,(anonymous_13)
FN:153,(anonymous_14)
FNF:14
FNH:13
FNDA:1,(anonymous_1)
FNDA:18,(anonymous_2)
FNDA:18,(anonymous_3)
FNDA:14,(anonymous_4)
FNDA:0,(anonymous_5)
FNDA:2,(anonymous_6)
FNDA:2,(anonymous_7)
FNDA:2,(anonymous_8)
FNDA:2,(anonymous_9)
FNDA:2,(anonymous_10)
FNDA:2,(anonymous_11)
FNDA:2,(anonymous_12)
FNDA:2,(anonymous_13)
FNDA:2,(anonymous_14)
DA:1,1
DA:18,1
DA:20,1
DA:30,1
DA:31,1
DA:33,1
DA:34,0
DA:36,1
DA:37,1
DA:44,18
DA:47,1
DA:49,1
DA:64,18
DA:65,14
DA:67,0
DA:68,0
DA:71,14
DA:73,14
DA:75,18
DA:77,18
DA:78,18
DA:82,2
DA:83,2
DA:88,2
DA:89,2
DA:90,2
DA:91,0
DA:92,0
DA:94,2
DA:95,0
DA:96,0
DA:99,2
DA:106,2
DA:113,2
DA:120,2
DA:127,2
DA:134,2
DA:141,2
DA:147,2
DA:154,2
LF:40
LH:33
BRDA:30,0,0,1
BRDA:30,0,1,1
BRDA:31,1,0,1
BRDA:31,1,1,1
BRDA:33,2,0,0
BRDA:36,3,0,1
BRDA:36,3,1,0
BRDA:59,4,0,2
BRDA:65,5,0,0
BRDA:65,5,1,14
BRDA:77,6,0,18
BRDA:77,6,1,18
BRDA:83,7,0,2
BRDA:90,8,0,0
BRDA:94,9,0,0
BRF:15
BRH:10
end_of_record
TN:
SF:src/enums.ts
FN:1,(anonymous_0)
FN:233,(anonymous_1)
FNF:2
FNH:2
FNDA:1,(anonymous_0)
FNDA:1,(anonymous_1)
DA:1,1
DA:5,1
DA:10,1
DA:15,1
DA:20,1
DA:25,1
DA:30,1
DA:35,1
DA:40,1
DA:45,1
DA:50,1
DA:55,1
DA:60,1
DA:65,1
DA:70,1
DA:75,1
DA:80,1
DA:85,1
DA:90,1
DA:95,1
DA:100,1
DA:105,1
DA:110,1
DA:115,1
DA:120,1
DA:125,1
DA:130,1
DA:135,1
DA:140,1
DA:145,1
DA:150,1
DA:155,1
DA:160,1
DA:165,1
DA:170,1
DA:175,1
DA:180,1
DA:185,1
DA:190,1
DA:195,1
DA:200,1
DA:205,1
DA:210,1
DA:215,1
DA:220,1
DA:225,1
DA:230,1
DA:233,1
DA:237,1
DA:242,1
DA:247,1
DA:252,1
DA:257,1
DA:262,1
DA:267,1
DA:272,1
DA:277,1
DA:282,1
DA:287,1
DA:292,1
DA:297,1
DA:302,1
DA:307,1
DA:312,1
DA:317,1
DA:322,1
DA:327,1
DA:332,1
DA:337,1
DA:342,1
DA:347,1
DA:352,1
DA:357,1
DA:362,1
DA:367,1
DA:372,1
DA:377,1
DA:382,1
DA:387,1
DA:392,1
DA:397,1
DA:402,1
DA:407,1
DA:412,1
DA:417,1
DA:422,1
DA:427,1
DA:432,1
DA:437,1
DA:442,1
DA:447,1
DA:452,1
DA:457,1
DA:462,1
DA:467,1
DA:472,1
DA:477,1
DA:482,1
DA:487,1
DA:492,1
DA:497,1
DA:502,1
DA:507,1
DA:512,1
DA:517,1
DA:522,1
DA:527,1
DA:532,1
DA:537,1
DA:542,1
DA:547,1
DA:552,1
DA:557,1
DA:562,1
DA:567,1
DA:572,1
DA:577,1
DA:582,1
DA:587,1
DA:592,1
DA:597,1
DA:602,1
DA:607,1
DA:612,1
DA:617,1
DA:622,1
DA:627,1
DA:632,1
DA:637,1
DA:642,1
DA:647,1
DA:652,1
DA:657,1
DA:662,1
DA:667,1
DA:672,1
DA:677,1
DA:682,1
DA:687,1
DA:692,1
DA:697,1
DA:702,1
DA:707,1
DA:712,1
DA:717,1
DA:722,1
DA:727,1
DA:732,1
DA:737,1
DA:742,1
DA:747,1
DA:752,1
DA:757,1
DA:762,1
DA:767,1
DA:772,1
DA:777,1
DA:782,1
DA:787,1
DA:792,1
LF:160
LH:160
BRDA:1,0,0,1
BRDA:1,0,1,1
BRDA:233,1,0,1
BRDA:233,1,1,1
BRF:4
BRH:4
end_of_record
TN:
SF:src/index.ts
FNF:0
FNH:0
DA:1,1
DA:2,1
DA:3,1
LF:3
LH:3
BRF:0
BRH:0
end_of_record
TN:
SF:test/responses.ts
FNF:0
FNH:0
DA:1,1
DA:1697,1
DA:9904,1
DA:12769,1
DA:12792,1
DA:12833,1
DA:13991,1
DA:14493,1
DA:14919,1
LF:9
LH:9
BRF:0
BRH:0
end_of_record
